# 1
F000 C3 F02A
F003 C3 F12B
F006 C3 F431
F009 C3 F439
F00C C3 F520
F00F C3 F520
F012 C3 F4E8
F015 C3 F4F0
F018 C3 F4FE
F01B C3 F6B3
F01E C3 F6EB
F021 C3 F6FD
F024 C3 F72C
F027 C3 F721

F02A F3
F02B 21 FF00
F02E 36 00
F030 F9
F031 2C
F032 20 FA

F034 7C

# 1-1
F035 ED 47
F037 ED 5E

F039 CD F5EC

F03C 21 F0D3
F03F 06 00
F041 4E
F042 23
F043 5E
F044 23
F045 56
F046 23
F047 ED B0
F049 CB 7E
F04B 28 F2

F04D 23
F04E 46
F04F 23
F050 4E
F051 23
F052 ED B3
F054 CB 7E
F056 28 F6

F058 ED 78 
F05A FE 06
F05C 20 12
F05E DB 1E
F060 06 10
F062 ED 41
F064 ED 78
F066 CB 67
F068 20 0E
F06A DB 1C
F06C CB 5F
F06E 20 F2
F070 DB 1E
F072 3E 83
F074 D3 1F
F076 18 2D

F078 AF
F079 ED 41
F07B ED 50

# 1-2

F07D CB 62
F07F 28 F8
F081 3C
F082 ED 41
F084 ED 50
F086 CB 62
F088 20 F7
F08A 21 F0CA
F08D 23
F08E 17
F08F 30 FC
F091 7E
F092 D3 0C
F094 CD F4F0
F097 3E 01
F099 D3 07
F09B 3E 1C
F09D D3 07
F09F 21 F4F3
F0A2 22 F00D

F0A5 FB
F0A6 CD F3EC
F0A9 0D 0A
F0AB 3C 2E 2E 2E
F0AF 20 4D 49 4B
F0B3 52 4F 20 53
F0B7 4C 4F 56 45
F0BB 4E 49 4A 41
F0BF 20 2E 2E 2E
F0C3 2E 3E
F0C5 0D 0A
F0C7 04
F0C8 C3 F003

F0CB 05
F0CC 06
F0CD 07
F0CE 0A
F0CF 0C
F0D0 0E
F0D1 0F
F0D2 0F

# 1-3

F0D3 02
F0D4 FF1A
F0D6 F48C

F0D8 02
F0D9 FF16 
F0DB F49F

F0DD 04
F0DE FF04
F0E0 F4AF
F0E2 F4CF

F0E4 08
F0E5 FF65
F0E7 FF
F0E8 FF FF FF FF
F0EC 00
F0ED 80
F0EE 1E

F0EF 02
F0F0 FF75
F0F2 20
F0F3 5F

F0F4 06
F0F5 FF57
F0F7 F480
F0F9 F444
F0FB F444

F0FD 02
F0FE FF7A
F100 F7E8

F102 FF

# 1-4

F103 03 1D
F105 CF
F106 18
F107 40

F108 01 1C
F10A 00

F10B 02 1F
F10D 4F
F10E 1A

F10F 01 18
F111 10

F112 02 1A
F114 27
F115 69

F116 02 1B
F118 C7
F119 5D

F11A 01 0C
F11C 05

# 1-5 
F11D 0B 07
F11F 04
F120 45
F121 01
F122 04
F123 03
F124 41
F125 05
F126 AA
F127 02
F128 00
F129 02

F12A FF

F12B CD F3EC
F12E 0D 0A
F130 2A 20
F132 04
F133 21 FF88
F136 0E 20
F138 CD F33B
F13B 38 35

F13D AF
F13E 32 FF84
F141 CD F3FC
F144 3A FF88
F147 FE 0D
F149 28 E0
F14B 21 F182
F14E 01 000B
F151 CD F360
F154 20 1C
F156 C5
F157 FD 21 FF89
F15B CD F36A
F15E DD E1
F160 38 10
F162 2A FF7C
F165 ED 5B FF7E
F169 ED 4B FF80
F16D CD F180

# 1-6

F170 30 B9

F172 CD F3EC
F175 20 77 68 61
F179 74 20 3F
F17C 07
F17D 04
F17E 18 AB

F180 DD E9

F182 52
F183 4F
F184 49
F185 47
F186 54
F187 46
F188 4D
F189 43
F18A 42
F18B 44
F18C 53

F18D F329
F18F F205
F191 F1A3
F193 F2E6
F195 F257
F197 F2D8
F199 F28C
F19B F281
F19D F2FE
F19F F320
F1A1 F1BD

# 1-7
F1A3 0E 00
F1A5 CD F6B3
F1A8 20 3D
F1AA CD F6EB
F1AD 20 38
F1AF 21 0080
F1B2 0E 01
F1B4 CD F72C
F1B7 20 2E
F1B9 F1
F1BA C3 0080

F1BD FE 03
F1BF 37
F1C0 C0
F1C1 4D
F1C2 CD F6B3
F1C5 20 20
F1C7 21 FF7E
F1CA 4E
F1CB CD F6FD
F1CE 20 17
F1D0 21 FF80
F1D3 4E
F1D4 21 0080
F1D7 CD F72C
F1DA CB C7
F1DC 20 09
F1DE 21 0080
F1E1 11 0008
F1E4 C3 F227
 
F1E7 4F
F1E8 CD F3EC
F1EB 64 69 73 6B
F1EF 20 65 72 72
F1F3 6F 72 20
F1F6 04
F1F7 06 08
F1F9 AF
F1FA CB 11
F1FC CE 30
F1FE CD F415
F201 10 F6
F203 B7
F204 C9

F205 3D

# 1-8

F206 28 06
F208 3D
F209 28 08
F20B 2A FF86
F20E 11 0010
F211 18 0D

F213 EB
F214 ED 52
F216 06 04
F218 CB 3C
F21A CB 1D 
F21C 10 FA
F21E 23
F21F EB
F220 CD F227
F223 22 FF86
F226 C9

F227 E5
F228 CD F3CD
F22B CD F402
F22E 06 10
F230 7E
F231 23
F232 CD F3D2
F235 10 F9
F237 E1
F238 06 10
F23A 7E
F23B 23
F23C CB BF
F23E FE 20
F240 38 04
F242 FE 7F 
F244 38 02
F246 3E 2E
F248 CD F415
F24B 10 ED
F24D CD F3FC
F250 C0
F251 1B
F252 7A 
F253 B3
F254 20 D1
F256 C9

F257 CD F2CE
F25A CD F407
F25D FE 0D

# 1-9

F25F 28 1B
F261 FE 2D
F263 28 19
F265 CD F3BD
F268 3F
F269 D0
F26A 07
F26B 07
F26C 07
F26D 07
F26E 4F
F26F CD F407
F272 CD F3BD
F275 3F
F276 D0
F277 B1
F278 77
F279 CD F2B9
F27C 23
F27D 23 
F27E 2B 
F27F 18 D6

F281 3D
F282 37
F283 C0
F284 E5
F285 DD E1 
F287 CD F180
F28A B7
F28B C9


F28C FE 02
F28E 37
F28F C0
F290 13
F291 5A
F292 54
F293 06 00 
F295 62
F296 2E 00
F298 7D
F299 AC
F29A A8
F29B 77
F29C 23
F29D 7C
F29E BB

# 1-10

F29F 20 F7

F2A1 62
F2A2 2E 00
F2A4 7D
F2A5 AC
F2A6 A8
F2A7 CD F2B9
F2AA C0
F2AB 23
F2AC 7C
F2AD BB
F2AE 20 F4
F2B0 04
F2B1 3E 2B
F2B3 CD F415
F2B6 28 DD
F2B8 C9

F2B9 BE
F2BA C8
F2BB F5
F2BC CD F2CE
F2BF CD F3EC
F2C2 73 68 6F 75
F2C6 6C 64 3D
F2C9 04
F2CA F1
F2CB C3 F3D2

F2CE CD F3FC
F2D1 CD F3CD
F2D4 7E
F2D5 C3 F3D2

F2D8 FE 03
F2DA 37
F2DB C0
F2DC 71
F2DD E5
F2DE B7
F2DF ED 52
F2E1 E1
F2E2 23
F2E3 38 F7
F2E5 C9

# 1-11
F2E6 FE 03
F2E8 37
F2E9 C0
F2EA CD F2F3
F2ED 79
F2EE B0
F2EF C8 
F2F0 ED B0
F2F2 C9

F2F3 EB
F2F4 B7
F2F5 ED 52
F2F7 EB
F2F8 D5
F2F9 C5 
F2FA D1 
F2FB C1
F2FC 03
F2FD C9

F2FE 3D
F2FF 37
F300 C0
F301 4D
F302 CD F3FC
F305 79 
F306 CD F3D2
F309 ED 78
F30B CD F3D2
F30E CD F407
F311 FE 0D
F313 28 06
F315 FE 2D
F317 28 04
F319 B7
F31A C9

F31B 0C
F31C 0C
F31D 0D 
F31E 18 E2 

# 1-12

F320 FE 02
F322 37
F323 C0
F324 4D
F325 ED 59
F327 B7
F328 C9 

F329 21 FF85
F32C 34
F32D CB 46
F32F 21 F4FE
F332 28 03
F334 21 F520
F337 22 F00D
F33A C9

F33B 41
F33C CD F407
F33F FE 0D
F341 28 0E
F343 FE 08
F345 28 0C
F347 FE 20
F349 D8
F34A 77
F34B 23
F34C 0D
F34D 20 ED
F34F 37
F350 C9

F351 77
F352 C9

F353 2B
F354 CD F3EC
F357 20 08
F359 04
F35A 0C
F35B 78
F35C 91
F35D 30 DD

# 1-13
F35F C9

F360 ED B1
F362 C0
F363 09
F364 09
F365 09
F366 4E
F367 23
F368 46
F369 C9

F36A 01 0000
F36D FD 7E 00
F370 FE 0D
F372 20 08
F374 AF
F375 C9
 
F376 0C
F377 0C
F378 CB 59
F37A 37
F37B C0
F37C C5
F37D CD F39F
F380 C1
F381 DB
F382 DD 21 FF7C
F386 DD 09
F388 DD 75 00
F38B DD 74 01
F38E FE 20
F390 28 E4
F392 FE 2C
F394 28 E0
F396 FE 0D
F398 37
F399 C0
F39A 79
F39B CB 3F
F39D 3C
F39E C9

F39F 21 0000

# 1-14

F3A2 18 0B

F3A4 06 04
F3A6 29
F3A7 D8
F3A8 10 FC
F3AA 5F
F3AB 16 00
F3AD 19
F3AE D8
F3AF FD 7E 00
F3B2 FD 23
F3B4 4F
F3B5 CD F3BD
F3B8 30 EA
F3BA 79
F3BB B7
F3BC C9

F3BD D6 30
F3BF D8
F3C0 FE 0A
F3C2 3F
F3C3 D0
F3C4 D6 07
F3C6 FE 0A
F3C8 D8
F3C9 FE 10 
F3CB 3F 
F3CC C9

F3CD 7C
F3CE CD F3D8
F3D1 7D
F3D2 CD F3D8
F3D5 C3 F402

F3D8 F5
F3D9 1F
F3DA 1F
F3DB 1F
F3DC 1F
F3DD CD F3E1
F3E0 F1
F3E1 E6 0F
F3E3 C6 90
F3E5 27
F3E6 CE 40
F3E8 27
F3E9 C3 F415

# 1-15

F3EC E3
F3ED CD F3F2
F3F0 E3
F3F1 C9

F3F2 7E
F3F3 23
F3F4 FE 04
F3F6 C8
F3F7 CD F415
F3FA 18 F6

F3FC CD F3EC
F3FF 0D 0A 04
F402 3E 20
F404 C3 F415

F407 CD F009
F40A F5
F40B CD F00C
F40E F1
F40F FE 5B
F411 D8
F412 D6 20
F414 C9

F415 CD F00C
F418 CD F006
F41B 28 0F
F41D CD F009

# 1-16

F420 FE 0D
F422 28 05
F424 CD F009
F427 18 03

F429 32 FF84
F42C 3A FF84
F42F B7
F430 C9

F431 3A FF30
F434 B7
F435 C8
F436 3E FF
F438 C9

F439 CD F431
F43C 28 FB
F43E E5
F43F CD F46D
F442 E1
F443 C9


F444 21 FF33
F447 BE
F448 23
F449 20 02
F44B 34
F44C C9

F44D CB 46
F44F 28 0A
F451 FE 40
F453 38 06
F455 FE 7F
F457 30 02
F459 EE 20

# 1-17

F45B 4F
F45C 21 FF30
F45F 7E
F460 3C
F461 FE 10
F463 D0
F464 77
F465 21 FF31
F468 CD F474
F46B 71
F46C C9


F46D 21 FF30
F470 35
F471 21 FF32
F474 7E
F475 3C
F476 E6 0F
F478 77
F479 21 FF20
F47C 85
F47D 6F
F47E 7E
F47F C9

F480 21 FF6C
F483 35
F484 C0
F485 DB 1C
F487 F6 04
F489 D3 1C
F48B C9

F48C ED 73 FF35
F490 31 FF57
F493 E5
F494 D5
F495 C5
F496 F5
F497 DB 1E
F499 2F
F49A 2A FF59
F49D 18 22

# 1-18

F49F ED 73 FF35 
F4A3 31 FF57
F4A6 E5
F4A7 D5
F4A8 C5
F4A9 F5
F4AA 2A FF57
F4AD 18 12

F4AF ED 73 FF35
F4B3 31 FF57
F4B6 E5
F4B7 D5
F4B8 C5 
F4B9 F5
F4BA DB 05
F4BC E6 7F
F4BE 2A FF5B
F4C1 CD F4E7 
F4C4 F1 
F4C5 C1 
F4C6 D1 
F4C7 E1 
F4C8 ED 7B FF35 
F4CC FB 
F4CD ED 4D 

F4CF ED 73 FF35 
F4D3 31 FF57 
F4D6 F5 
F4D7 CD F4F5 
F4DA 3E 07 
F4DC CD F515 
F4DF F1 
F4E0 ED 7B FF35 
F4E4 FB 
F4E5 ED 4D

F4E7 E9

# 1-19


F4E8 DB 07 
F4EA E6 01
F4EC C8
F4ED 3E FF
F4EF C9

F4F0 CD F4E8 
F4F3 28 FB
F4F5 3E 30
F4F7 D3 07
F4F9 DB 05 
F4FB E6 7F
F4FD C9

F4FE FE 20
F500 30 13
F502 CD F515
F505 3A FF79
F508 3C
F509 18 06

F50B F5
F50C AF
F50D CD F515
F510 F1
F511 3D
F512 20 F7
F514 C9


F515 F5
F516 DB 07
F518 E6 04
F51A 28 FA
F51C F1
F51D D3 05
F51F C9

# 1-20

F520 E5
F521 D5
F522 C5
F523 CB BF
F525 4F
F526 F3
F527 ED 73 FF35
F52B 31 FF57
F52E DB 1C
F530 CB FF
F532 D3 1C

F534 21 FF75
F537 46
F538 2A FF73
F53B 7C
F53C E6 0F
F53E F6 30
F540 67
F541 70

F542 CD F565

F545 7E
F546 32 FF75
F549 FE 20
F54B CB FF
F54D 20 03
F54F 3A FF76
F552 77
F553 22 FF73

F556 ED 7B FF35
F55A DB 1C
F55C CB BF
F55E D3 1C
F560 FB
F561 C1
F562 D1
F563 E1
F564 C9

F565 11 FF78
F568 1A
F569 B7
F56A C2 F670
F56D 79
F56E FE 20

# 1-21 

F570 38 0F
F572 71
F573 23
F574 7D
F575 E6 7F
F577 FE 50
F579 D8
F57A CD F5E7
F57D CD F642
F580 C9
 
F581 E5
F582 21 F58F
F585 01 000D
F588 CD F360
F58B E1
F58C C0
F58D C5
F58E C9

F58F 1F
F590 1E
F591 1B
F592 1A
F593 18
F594 11
F595 0D
F596 0C
F597 0B
F598 0A
F599 09
F59A 08
F59B 07

F59C F5E6
F59E F5BE
F5A0 F5CC
F5A2 F642
F5A4 F62C
F5A6 F5C4
F5A8 F5E7
F5AA F611
F5AC F603
F5AE F5EC
F5B0 F5B6
F5B2 F66C
F5B4 F5BA
 
F5B6 3E 01
F5B8 12
F5B9 C9 

# 1-22

F5BA 3E 04
F5BC 12
F5BD C9

F5BE 7D
F5BF E6 7F 
F5C1 C8 
F5C2 2B 
F5C3 C9

F5C4 7D
F5C5 E6 7F
F5C7 FE 4F 
F5C9 D0
F5CA 23 
F5CB C9

F5CC 11 0008
F5CF 7D
F5D0 E6 78
F5D2 83
F5D3 FE 50
F5D5 D0
F5D6 7D
F5D7 E6 F8
F5D9 6F
F5DA 19
F5DB C9

F5DC DB 1C
F5DE CB EF
F5E0 D3 1C
F5E2 CB AF 
F5E4 D3 1C
F5E6 C9

F5E7 7D

F5E8 E6 80
F5EA 6F
F5EB C9

F5EC 21 3000
F5EF E5

# 1-23

F5F0 11 3001
F5F3 01 0C00
F5F6 36 20
F5F8 ED B0
F5FA E1
F5FB 3E 17
F5FD 32 FF77
F600 D3 14
F602 C9
 
F603 E5
F604 7D
F605 E6 7F
F607 4F
F608 3E 50
F60A 91
F60B 47
F60C CD F666
F60F E1
F610 C9

F611 CD F603
F614 E5
F615 3A FF77
F618 4F
F619 7D
F61A 17
F61B 7C
F61C 17
F61D E6 1F
F61F B9
F620 28 08
F622 CD F637
F625 CD F660
F628 18 EF

F62A E1
F62B C9

F62C 11 FF80
F62F 19
F630 7C
F631 FE 30
F633 D0
F634 26 3B
F636 C9

F637 11 0080
F63A 19
F63B 7C
F63C FE 3C
F63E D8
 
# 1-24

F63F 26 30
F641 C9

F642 7D
F643 17
F644 7C
F645 17
F646 E6 1F
F648 4F
F649 CD F637
F64C 3A FF77
F64F B9
F650 C0

F651 E5
F652 CD F660
F655 29
F656 7C
F657 E6 1F
F659 32 FF77
F65C D3 14
F65E E1
F65F C9

F660 7D
F661 E6 80
F663 6F
F664 06 50
F666 36 20
F668 23
F669 10 FB
F66B C9

F66C 0E 20
F66E 18 17

F670 EB
F671 36 00
F673 EB
F674 FE 01
F676 20 08
F678 79
F679 FE 3D
F67B C0
F67C 3E 02
F67E 12
F67F C9

F680 FE 02
F682 20 1B
F684 3E 03

# 1-25

F686 12
F687 3A FF77
F68A 81
F68B D6 1F
F68D D6 18 
F68F 30 FC
F691 C6 18
F693 F6 60
F695 F6 60
F697 67
F698 2E 00
F69A CB 3C
F69C CB 1D
F69E C9

F69F FE 03
F6A1 20 0C
F6A3 79 
F6A4 D6 20
F6A6 D6 50 
F6A8 30 FC
F6AA C6 50
F6AC B5 
F6AD 6F
F6AE C9

F6AF CD F572
F6B2 C9

# 1-26

F6B3 79
F6B4 FE 04
F6B6 D0
F6B7 CD F7BA
F6BA DB 1C
F6BC 47
F6BD E6 F8
F6BF B1
F6C0 D3 1C
F6C2 CD F7B0
F6C5 28 06
F6C7 78
F6C8 D3 1C
F6CA 3E 80
F6CC C9

F6CD 21 FF65
F6D0 7E
F6D1 71
F6D2 FE FF
F6D4 28 06
F6D6 23
F6D7 85
F6D8 6F
F6D9 DB 11
F6DB 77
F6DC 21 FF66
F6DF 7D
F6E0 81
F6E1 6F
F6E2 7E
F6E3 FE FF
F6E5 28 04
F6E7 D3 11
F6E9 AF
F6EA C9

F6EB CD F7AD
F6EE C0
F6EF AF
F6F0 32 FF6D
F6F3 06 0C
F6F5 CD F795
F6F8 EE 04
F6FA E6 9C

# 1-27

F6FC C9

F6FD CD F7AD
F700 C0
F701 79
F702 FE 4D
F704 D0
F705 32 FF6D
F708 D3 13
F70A 06 1C
F70C CD F795
F70F E6 98
F711 C8

F712 CD F6F3 
F715 C0
F716 79 
F717 D3 13
F719 06 1C
F71B CD F795
F71E E6 98
F720 C9

F721 CD F7AD
F724 C0
F725 CB 77
F727 C0
F728 06 A8
F72A 18 06

F72C CD F7AD
F72F C0
F730 06 88
F732 22 FF71
F735 21 FF6E
F738 71
F739 23
F73A 70
F73B 23
F73C 36 02
F73E F3
F73F 21 0066 
F742 56
F743 36 C9
F745 21 FF6B 
F748 46 
F749 0E 13 
F74B 2A FF71
F74E 3A FF6E
F751 D3 12 
F753 CD F7B0
F756 CB 6F

# 1-28

F758 3A FF6F
F75B 20 02
F75D F6 04
F75F CD F7A5
F762 CB 6F
F764 20 0D
F766 76
F767 ED A2
F769 C2 F766
F76C CD F79E
F76F E6 9C
F771 18 0B

F773 76
F774 ED A3
F776 C2 F773
F779 CD F79E
F77C E6 BC
F77E 21 0066
F781 72
F782 FB
F783 C8
F784 21 FF70
F787 35
F788 20 02
F78A B7
F78B C9

F78C 21 FF6D
F78F 4E
F790 CD F6FD
F793 18 A9

F795 3A FF6A
F798 E6 03
F79A B0
F79B CD F7A5
F79E DB 10
F7A0 CB 47
F7A2 20 FA
F7A4 C9

F7A5 D3 10
F7A7 CD F7AA
F7AA E3
F7AB E3
F7AC C9

F7AD CD F7BA
F7B0 3E D0 

# 1-29

F7B2 CD F7A5
F7B5 DB 10
F7B7 CB 7F
F7B9 C9 

F7BA 3E 1E
F7BC 32 FF6C
F7BF CD F7AA
F7C2 DB 1C
F7C4 CB 57 
F7C6 C8 
F7C7 E6 FB 
F7C9 D3 1C 
F7CB C5
F7CC 06 00
F7CE CD F7DE
F7D1 28 02
F7D3 10 F9
F7D5 06 09 
F7D7 CD F7DE
F7DA 10 FB 
F7DC C1 
F7DD C9 

F7DE DB 1B
F7E0 4F 
F7E1 DB 1B
F7E3 B9 
F7E4 28 FB 
F7E6 18 C8

F7E8 00 00

F7EA FF FF FF FF FF FF
F7F0 FF FF FF FF FF FF FF FF 
F7F8 FF FF FF FF FF FF FF FF 